<?xml version="1.0" encoding="UTF-8"?>
<!-- Generated by org.testng.reporters.JUnitReportReporter -->
<testsuite hostname="naveen" failures="0" tests="1" name="com.actitime.testscript.Customarmadule" time="24.057" errors="0" timestamp="2022-09-08T15:21:33 IST" skipped="0">
  <testcase classname="com.actitime.testscript.Customarmadule" name="createcustomar" time="24.057"/>
  <system-out/>
</testsuite> <!-- com.actitime.testscript.Customarmadule -->
